<?xml version="1.0" encoding="UTF-8"?>
<!-- Generated by org.testng.reporters.JUnitReportReporter -->
<testsuite hostname="DESKTOP-EMVP6P0" failures="0" tests="19" name="testcase.HomeTest" time="18.350" errors="0" timestamp="2024-04-25T16:06:44 IST" skipped="0">
  <testcase classname="testcase.HomeTest" name="seturl" time="3.866"/>
  <system-out/>
  <testcase classname="testcase.HomeTest" name="setuserlocation" time="1.686"/>
  <system-out/>
  <testcase classname="testcase.HomeTest" name="dealpagetxt" time="2.000"/>
  <system-out/>
  <testcase classname="testcase.HomeTest" name="sidemenubar" time="0.917"/>
  <system-out/>
  <testcase classname="testcase.HomeTest" name="comparevalue" time="0.940"/>
  <system-out/>
  <testcase classname="testcase.HomeTest" name="checkoutbtn" time="0.456"/>
  <system-out/>
  <testcase classname="testcase.HomeTest" name="drinksbtn" time="0.699"/>
  <system-out/>
  <testcase classname="testcase.HomeTest" name="addtwodrink" time="1.218"/>
  <system-out/>
  <testcase classname="testcase.HomeTest" name="checkoutbuttonvalidation" time="0.772"/>
  <system-out/>
  <testcase classname="testcase.HomeTest" name="paymentbutton" time="0.211"/>
  <system-out/>
  <testcase classname="testcase.HomeTest" name="paymentcash" time="0.244"/>
  <system-out/>
  <testcase classname="testcase.HomeTest" name="agreecheckbox" time="0.218"/>
  <system-out/>
  <testcase classname="testcase.HomeTest" name="nameemailinput" time="1.036"/>
  <system-out/>
  <testcase classname="testcase.HomeTest" name="Applygiftlink" time="1.278"/>
  <system-out/>
  <testcase classname="testcase.HomeTest" name="Voucherlink" time="0.455"/>
  <system-out/>
  <testcase classname="testcase.HomeTest" name="VoucherInputcode" time="0.616"/>
  <system-out/>
  <testcase classname="testcase.HomeTest" name="ErrorMessage" time="1.034"/>
  <system-out/>
  <testcase classname="testcase.HomeTest" name="closepopupvoucher" time="0.417"/>
  <system-out/>
  <testcase classname="testcase.HomeTest" name="basket" time="0.287"/>
  <system-out/>
</testsuite> <!-- testcase.HomeTest -->
