<?xml version="1.0" encoding="UTF-8"?>
<!-- Generated by org.testng.reporters.JUnitReportReporter -->
<testsuite hostname="DESKTOP-EMVP6P0" failures="0" tests="19" name="testcase.HomeTest" time="16.635" errors="0" timestamp="25 Apr 2024 10:58:14 GMT" skipped="0">
  <testcase classname="testcase.HomeTest" name="seturl" time="3.960"/>
  <testcase classname="testcase.HomeTest" name="setuserlocation" time="1.768"/>
  <testcase classname="testcase.HomeTest" name="dealpagetxt" time="2.000"/>
  <testcase classname="testcase.HomeTest" name="sidemenubar" time="0.659"/>
  <testcase classname="testcase.HomeTest" name="comparevalue" time="0.922"/>
  <testcase classname="testcase.HomeTest" name="checkoutbtn" time="0.315"/>
  <testcase classname="testcase.HomeTest" name="drinksbtn" time="0.529"/>
  <testcase classname="testcase.HomeTest" name="addtwodrink" time="0.738"/>
  <testcase classname="testcase.HomeTest" name="checkoutbuttonvalidation" time="0.548"/>
  <testcase classname="testcase.HomeTest" name="paymentbutton" time="0.214"/>
  <testcase classname="testcase.HomeTest" name="paymentcash" time="0.204"/>
  <testcase classname="testcase.HomeTest" name="agreecheckbox" time="0.190"/>
  <testcase classname="testcase.HomeTest" name="nameemailinput" time="0.813"/>
  <testcase classname="testcase.HomeTest" name="Applygiftlink" time="1.042"/>
  <testcase classname="testcase.HomeTest" name="Voucherlink" time="0.334"/>
  <testcase classname="testcase.HomeTest" name="VoucherInputcode" time="0.450"/>
  <testcase classname="testcase.HomeTest" name="ErrorMessage" time="1.203"/>
  <testcase classname="testcase.HomeTest" name="closepopupvoucher" time="0.455"/>
  <testcase classname="testcase.HomeTest" name="basket" time="0.291"/>
</testsuite> <!-- testcase.HomeTest -->
